This is pdfTeX, Version 3.14159265-2.6-1.40.21 (MiKTeX 20.6.29) (preloaded format=pdflatex 2021.11.10)  24 NOV 2021 21:09
entering extended mode
**"./CLASS PROJECT.tex"
("CLASS PROJECT.tex"
LaTeX2e <2021-06-01> patch level 1
L3 programming layer <2021-10-18>
("C:\Users\user\Documents\New folder\tex/latex/base\article.cls"
Document Class: article 2021/02/12 v1.4n Standard LaTeX document class
("C:\Users\user\Documents\New folder\tex/latex/base\size10.clo"
File: size10.clo 2021/02/12 v1.4n Standard LaTeX file (size option)
)
\c@part=\count182
\c@section=\count183
\c@subsection=\count184
\c@subsubsection=\count185
\c@paragraph=\count186
\c@subparagraph=\count187
\c@figure=\count188
\c@table=\count189
\abovecaptionskip=\skip47
\belowcaptionskip=\skip48
\bibindent=\dimen138
)
("C:\Users\user\Documents\New folder\tex/latex/tools\array.sty"
Package: array 2021/04/20 v2.5e Tabular extension package (FMi)
\col@sep=\dimen139
\ar@mcellbox=\box50
\extrarowheight=\dimen140
\NC@list=\toks16
\extratabsurround=\skip49
\backup@length=\skip50
\ar@cellbox=\box51
)
("C:\Users\user\Documents\New folder\tex/latex/graphics\rotating.sty"
Package: rotating 2016/08/11 v2.16d rotated objects in LaTeX

("C:\Users\user\Documents\New folder\tex/latex/graphics\graphicx.sty"
Package: graphicx 2020/12/05 v1.2c Enhanced LaTeX Graphics (DPC,SPQR)

("C:\Users\user\Documents\New folder\tex/latex/graphics\keyval.sty"
Package: keyval 2014/10/28 v1.15 key=value parser (DPC)
\KV@toks@=\toks17
)
("C:\Users\user\Documents\New folder\tex/latex/graphics\graphics.sty"
Package: graphics 2021/03/04 v1.4d Standard LaTeX Graphics (DPC,SPQR)

("C:\Users\user\Documents\New folder\tex/latex/graphics\trig.sty"
Package: trig 2016/01/03 v1.10 sin cos tan (DPC)
)
("C:\Users\user\Documents\New folder\tex/latex/graphics-cfg\graphics.cfg"
File: graphics.cfg 2016/06/04 v1.11 sample graphics configuration
)
Package graphics Info: Driver file: pdftex.def on input line 107.

("C:\Users\user\Documents\New folder\tex/latex/graphics-def\pdftex.def"
File: pdftex.def 2020/10/05 v1.2a Graphics/color driver for pdftex
))
\Gin@req@height=\dimen141
\Gin@req@width=\dimen142
)
("C:\Users\user\Documents\New folder\tex/latex/base\ifthen.sty"
Package: ifthen 2020/11/24 v1.1c Standard LaTeX ifthen package (DPC)
)
\c@r@tfl@t=\count190
\rotFPtop=\skip51
\rotFPbot=\skip52
\rot@float@box=\box52
\rot@mess@toks=\toks18
)
("C:\Users\user\Documents\New folder\tex/latex/l3backend\l3backend-pdftex.def"
File: l3backend-pdftex.def 2021-10-18 L3 backend support: PDF output (pdfTeX)
\l__color_backend_stack_int=\count191
\l__pdf_internal_box=\box53
) ("CLASS PROJECT.aux")
\openout1 = `"CLASS PROJECT.aux"'.

LaTeX Font Info:    Checking defaults for OML/cmm/m/it on input line 4.
LaTeX Font Info:    ... okay on input line 4.
LaTeX Font Info:    Checking defaults for OMS/cmsy/m/n on input line 4.
LaTeX Font Info:    ... okay on input line 4.
LaTeX Font Info:    Checking defaults for OT1/cmr/m/n on input line 4.
LaTeX Font Info:    ... okay on input line 4.
LaTeX Font Info:    Checking defaults for T1/cmr/m/n on input line 4.
LaTeX Font Info:    ... okay on input line 4.
LaTeX Font Info:    Checking defaults for TS1/cmr/m/n on input line 4.
LaTeX Font Info:    ... okay on input line 4.
LaTeX Font Info:    Checking defaults for OMX/cmex/m/n on input line 4.
LaTeX Font Info:    ... okay on input line 4.
LaTeX Font Info:    Checking defaults for U/cmr/m/n on input line 4.
LaTeX Font Info:    ... okay on input line 4.

("C:\Users\user\Documents\New folder\tex/context/base/mkii\supp-pdf.mkii"
[Loading MPS to PDF converter (version 2006.09.02).]
\scratchcounter=\count192
\scratchdimen=\dimen143
\scratchbox=\box54
\nofMPsegments=\count193
\nofMParguments=\count194
\everyMPshowfont=\toks19
\MPscratchCnt=\count195
\MPscratchDim=\dimen144
\MPnumerator=\count196
\makeMPintoPDFobject=\count197
\everyMPtoPDFconversion=\toks20
) ("C:\Users\user\Documents\New folder\tex/latex/epstopdf-pkg\epstopdf-base.sty
"
Package: epstopdf-base 2020-01-24 v2.11 Base part for package epstopdf
Package epstopdf-base Info: Redefining graphics rule for `.eps' on input line 4
85.
 ("C:\Users\user\Documents\New folder\tex/latex/00miktex\epstopdf-sys.cfg"
File: epstopdf-sys.cfg 2021/03/18 v2.0 Configuration of epstopdf for MiKTeX
))
LaTeX Font Info:    External font `cmex10' loaded for size
(Font)              <9> on input line 9.
LaTeX Font Info:    External font `cmex10' loaded for size
(Font)              <6> on input line 9.
LaTeX Font Info:    External font `cmex10' loaded for size
(Font)              <5> on input line 9.

Overfull \hbox (136.18347pt too wide) in paragraph at lines 9--29
[][]
 []


Underfull \hbox (badness 10000) in paragraph at lines 9--29

 []

LaTeX Font Info:    External font `cmex10' loaded for size
(Font)              <7> on input line 29.

LaTeX Warning: `!h' float specifier changed to `!ht'.

[1{C:/Users/user/AppData/Local/MiKTeX/pdftex/config/pdftex.map}]
("CLASS PROJECT.aux") ) 
Here is how much of TeX's memory you used:
 1389 strings out of 478917
 21195 string characters out of 2856767
 655353 words of memory out of 3000000
 19298 multiletter control sequences out of 15000+600000
 405561 words of font info for 34 fonts, out of 8000000 for 9000
 1141 hyphenation exceptions out of 8191
 72i,10n,80p,258b,336s stack positions out of 5000i,500n,10000p,200000b,80000s
<C:/Users/user/Documents/New folder/fonts/type1/public/a
msfonts/cm/cmbx9.pfb><C:/Users/user/Documents/New folder/fonts/type1/public/ams
fonts/cm/cmr10.pfb><C:/Users/user/Documents/New folder/fonts/type1/public/amsfo
nts/cm/cmr9.pfb>
Output written on "CLASS PROJECT.pdf" (1 page, 45650 bytes).
PDF statistics:
 21 PDF objects out of 1000 (max. 8388607)
 0 named destinations out of 1000 (max. 500000)
 1 words of extra memory for PDF output out of 10000 (max. 10000000)

